<?xml version="1.0" encoding="UTF-8"?>
<!-- Generated by org.testng.reporters.JUnitXMLReporter -->
<testsuite hostname="dell" ignored="1" name="Test" tests="7" failures="0" timestamp="08 Jul 2020 05:41:53 GMT" time="450.538" errors="0">
  <testcase name="getCreateIdeaTest" time="7.25" classname="com.qa.orient.TestPages.IdeatorPageTest"/>
  <testcase name="getApproveIdeaOnLevel1Page" time="11.527" classname="com.qa.orient.TestPages.Level1PageTest"/>
  <testcase name="getConvertMainIdeaTest" time="99.87" classname="com.qa.orient.TestPages.IdeatorPageTest"/>
  <testcase name="getApproveIdeaOnBFPageTest" time="10.168" classname="com.qa.orient.TestPages.BusinessFinancePageTest"/>
  <testcase name="getApproveLevel2PageTest" time="5.891" classname="com.qa.orient.TestPages.Level2PageTest"/>
  <testcase name="getApproveLevel3PageTest" time="7.209" classname="com.qa.orient.TestPages.Level3PageTest"/>
  <testcase name="getApproveLevel4PageTest" time="15.191" classname="com.qa.orient.TestPages.Level4PageTest"/>
  <testcase name="getIdeaIntitiateProjectTest" time="0.0" classname="com.qa.orient.TestPages.Level3PageTest">
    <ignored/>
  </testcase> <!-- getIdeaIntitiateProjectTest -->
</testsuite> <!-- Test -->
