<?xml version="1.0" encoding="UTF-8"?>
<testsuite xmlns:xsi="http://www.w3.org/2001/XMLSchema-instance" xsi:schemaLocation="https://maven.apache.org/surefire/maven-surefire-plugin/xsd/surefire-test-report.xsd" name="TestSuite" time="409.048" tests="3" errors="0" skipped="0" failures="3">
  <properties>
[...]
</properties>
  <testcase name="getCreateIdeaTest" classname="com.qa.orient.TestPages.IdeatorPageTest" time="37.416">
    <failure message="Cannot locate element with text: Process&#10;For documentation on this error, please visit: https://www.seleniumhq.org/exceptions/no_such_element.html&#10;Build info: version: &apos;3.141.59&apos;, revision: &apos;e82be7d358&apos;, time: &apos;2018-11-14T08:17:03&apos;&#10;System info: host: &apos;DELL&apos;, ip: &apos;192.168.0.106&apos;, os.name: &apos;Windows 8.1&apos;, os.arch: &apos;amd64&apos;, os.version: &apos;6.3&apos;, java.version: &apos;1.8.0_251&apos;&#10;Driver info: driver.version: unknown" type="org.openqa.selenium.NoSuchElementException">org.openqa.selenium.NoSuchElementException: 
Cannot locate element with text: Process
For documentation on this error, please visit: https://www.seleniumhq.org/exceptions/no_such_element.html
Build info: version: '3.141.59', revision: 'e82be7d358', time: '2018-11-14T08:17:03'
System info: host: 'DELL', ip: '192.168.0.106', os.name: 'Windows 8.1', os.arch: 'amd64', os.version: '6.3', java.version: '1.8.0_251'
Driver info: driver.version: unknown
	at com.qa.orient.TestPages.IdeatorPageTest.getCreateIdeaTest(IdeatorPageTest.java:37)
</failure>
    <system-out><![CDATA[I am in onStart method Test
Test Suite started!
06-15-2020 09:20:59 BasePage.java INFO  [main] base.BasePage 71 - properties intilizes.......
06-15-2020 09:20:59 BasePage.java INFO  [main] base.BasePage 75 - read prop file
06-15-2020 09:20:59 BasePage.java INFO  [main] base.BasePage 38 - driver intialize..........
06-15-2020 09:21:00 BasePage.java INFO  [main] base.BasePage 45 - Lunch Chrome Browser...........
06-15-2020 09:21:57 LoginPage.java INFO  [main] page.LoginPage 25 - Driver intilize..........
06-15-2020 09:21:59 IdeatorPageTest.java INFO  [main] TestPages.IdeatorPageTest 23 - Enter Ideator Credentials......
06-15-2020 09:21:59 LoginPage.java INFO  [main] page.LoginPage 35 - Enter Credentials..........
credentials are : ideator ideabridge@123
06-15-2020 09:22:08 LoginPage.java INFO  [main] page.LoginPage 39 - Click on Loin Button.......
I am in onTestStart method getCreateIdeaTest start
getCreateIdeaTest started!
06-15-2020 09:22:29 IdeatorPageTest.java INFO  [main] TestPages.IdeatorPageTest 35 - Create an idea on ideator page......
I am in onTestFailure method getCreateIdeaTest failed
Screenshot captured for test case:getCreateIdeaTest
]]></system-out>
    <system-err><![CDATA[[main] INFO io.github.bonigarcia.wdm.WebDriverManager - Please answer the following questionnaire based on your experience with WebDriverManager. Thanks a lot!
[main] INFO io.github.bonigarcia.wdm.WebDriverManager - ====> http://tiny.cc/wdm-survey <====
[main] INFO io.github.bonigarcia.wdm.WebDriverManager - Using chromedriver 83.0.4103.39 (since Chrome 83 is installed in your machine)
[main] INFO io.github.bonigarcia.wdm.WebDriverManager - Exporting webdriver.chrome.driver as C:\Users\Kamal\.m2\repository\webdriver\chromedriver\win32\83.0.4103.39\chromedriver.exe
Starting ChromeDriver 83.0.4103.39 (ccbf011cb2d2b19b506d844400483861342c20cd-refs/branch-heads/4103@{#416}) on port 22677
Only local connections are allowed.
Please see https://chromedriver.chromium.org/security-considerations for suggestions on keeping ChromeDriver safe.
ChromeDriver was started successfully.
Jun 15, 2020 9:21:13 AM org.openqa.selenium.remote.ProtocolHandshake createSession
INFO: Detected dialect: W3C
[main] ERROR io.qameta.allure.AllureLifecycle - Could not add attachment: no test is running
[main] ERROR io.qameta.allure.AllureLifecycle - Could not add attachment: no test is running
]]></system-err>
  </testcase>
  <testcase name="getApproveIdeaOnLevel1Page" classname="com.qa.orient.TestPages.Level1PageTest" time="78.121">
    <failure message="Expected condition failed: waiting for element to be clickable: By.xpath: //button[contains(@title,&apos;Approve the Idea for Detailing&apos;)] (tried for 60 second(s) with 500 milliseconds interval)" type="org.openqa.selenium.TimeoutException">org.openqa.selenium.TimeoutException: Expected condition failed: waiting for element to be clickable: By.xpath: //button[contains(@title,'Approve the Idea for Detailing')] (tried for 60 second(s) with 500 milliseconds interval)
	at com.qa.orient.TestPages.Level1PageTest.getApproveIdeaOnLevel1Page(Level1PageTest.java:35)
Caused by: org.openqa.selenium.NoSuchElementException: 
no such element: Unable to locate element: {"method":"xpath","selector":"//button[contains(@title,'Approve the Idea for Detailing')]"}
  (Session info: chrome=83.0.4103.97)
For documentation on this error, please visit: https://www.seleniumhq.org/exceptions/no_such_element.html
Build info: version: '3.141.59', revision: 'e82be7d358', time: '2018-11-14T08:17:03'
System info: host: 'DELL', ip: '192.168.0.106', os.name: 'Windows 8.1', os.arch: 'amd64', os.version: '6.3', java.version: '1.8.0_251'
Driver info: org.openqa.selenium.chrome.ChromeDriver
Capabilities {acceptInsecureCerts: false, browserName: chrome, browserVersion: 83.0.4103.97, chrome: {chromedriverVersion: 83.0.4103.39 (ccbf011cb2d2b..., userDataDir: C:\Users\Kamal\AppData\Loca...}, goog:chromeOptions: {debuggerAddress: localhost:59021}, javascriptEnabled: true, networkConnectionEnabled: false, pageLoadStrategy: normal, platform: WINDOWS, platformName: WINDOWS, proxy: Proxy(), setWindowRect: true, strictFileInteractability: false, timeouts: {implicit: 0, pageLoad: 300000, script: 30000}, unhandledPromptBehavior: dismiss and notify, webauthn:virtualAuthenticators: true}
Session ID: c0e975ffa076b66b4568accaa7cbb3aa
*** Element info: {Using=xpath, value=//button[contains(@title,'Approve the Idea for Detailing')]}
	at com.qa.orient.TestPages.Level1PageTest.getApproveIdeaOnLevel1Page(Level1PageTest.java:35)
</failure>
    <system-out><![CDATA[getCreateIdeaTest failed!
06-15-2020 09:23:08 BasePage.java INFO  [main] base.BasePage 71 - properties intilizes.......
06-15-2020 09:23:08 BasePage.java INFO  [main] base.BasePage 75 - read prop file
06-15-2020 09:23:08 BasePage.java INFO  [main] base.BasePage 38 - driver intialize..........
06-15-2020 09:23:08 BasePage.java INFO  [main] base.BasePage 45 - Lunch Chrome Browser...........
06-15-2020 09:23:49 LoginPage.java INFO  [main] page.LoginPage 25 - Driver intilize..........
06-15-2020 09:23:49 Level1PageTest.java INFO  [main] TestPages.Level1PageTest 21 - Enter Level1 Credentials......
06-15-2020 09:23:49 LoginPage.java INFO  [main] page.LoginPage 35 - Enter Credentials..........
credentials are : level1 ideabridge@123
06-15-2020 09:23:56 LoginPage.java INFO  [main] page.LoginPage 39 - Click on Loin Button.......
I am in onTestStart method getApproveIdeaOnLevel1Page start
getApproveIdeaOnLevel1Page started!
06-15-2020 09:24:02 Level1PageTest.java INFO  [main] TestPages.Level1PageTest 34 - Idea Approve By Level1 ..........
I am in onTestFailure method getApproveIdeaOnLevel1Page failed
Screenshot captured for test case:getApproveIdeaOnLevel1Page
]]></system-out>
    <system-err><![CDATA[[main] INFO io.github.bonigarcia.wdm.WebDriverManager - Please answer the following questionnaire based on your experience with WebDriverManager. Thanks a lot!
[main] INFO io.github.bonigarcia.wdm.WebDriverManager - ====> http://tiny.cc/wdm-survey <====
[main] INFO io.github.bonigarcia.wdm.WebDriverManager - Using chromedriver 83.0.4103.39 (since Chrome 83 is installed in your machine)
[main] INFO io.github.bonigarcia.wdm.WebDriverManager - Exporting webdriver.chrome.driver as C:\Users\Kamal\.m2\repository\webdriver\chromedriver\win32\83.0.4103.39\chromedriver.exe
Starting ChromeDriver 83.0.4103.39 (ccbf011cb2d2b19b506d844400483861342c20cd-refs/branch-heads/4103@{#416}) on port 41650
Only local connections are allowed.
Please see https://chromedriver.chromium.org/security-considerations for suggestions on keeping ChromeDriver safe.
ChromeDriver was started successfully.
Jun 15, 2020 9:23:11 AM org.openqa.selenium.remote.ProtocolHandshake createSession
INFO: Detected dialect: W3C
[main] ERROR io.qameta.allure.AllureLifecycle - Could not add attachment: no test is running
[main] ERROR io.qameta.allure.AllureLifecycle - Could not add attachment: no test is running
]]></system-err>
  </testcase>
  <testcase name="getConvertMainIdeaTest" classname="com.qa.orient.TestPages.IdeatorPageTest" time="76.573">
    <failure message="Expected condition failed: waiting for element to be clickable: By.xpath: //input[contains(@value,&apos;Convert to Main Idea&apos;)] (tried for 60 second(s) with 500 milliseconds interval)" type="org.openqa.selenium.TimeoutException">org.openqa.selenium.TimeoutException: Expected condition failed: waiting for element to be clickable: By.xpath: //input[contains(@value,'Convert to Main Idea')] (tried for 60 second(s) with 500 milliseconds interval)
	at com.qa.orient.TestPages.IdeatorPageTest.getConvertMainIdeaTest(IdeatorPageTest.java:43)
Caused by: org.openqa.selenium.NoSuchElementException: 
no such element: Unable to locate element: {"method":"xpath","selector":"//input[contains(@value,'Convert to Main Idea')]"}
  (Session info: chrome=83.0.4103.97)
For documentation on this error, please visit: https://www.seleniumhq.org/exceptions/no_such_element.html
Build info: version: '3.141.59', revision: 'e82be7d358', time: '2018-11-14T08:17:03'
System info: host: 'DELL', ip: '192.168.0.106', os.name: 'Windows 8.1', os.arch: 'amd64', os.version: '6.3', java.version: '1.8.0_251'
Driver info: org.openqa.selenium.chrome.ChromeDriver
Capabilities {acceptInsecureCerts: false, browserName: chrome, browserVersion: 83.0.4103.97, chrome: {chromedriverVersion: 83.0.4103.39 (ccbf011cb2d2b..., userDataDir: C:\Users\Kamal\AppData\Loca...}, goog:chromeOptions: {debuggerAddress: localhost:59768}, javascriptEnabled: true, networkConnectionEnabled: false, pageLoadStrategy: normal, platform: WINDOWS, platformName: WINDOWS, proxy: Proxy(), setWindowRect: true, strictFileInteractability: false, timeouts: {implicit: 0, pageLoad: 300000, script: 30000}, unhandledPromptBehavior: dismiss and notify, webauthn:virtualAuthenticators: true}
Session ID: 3975f2fda0a3b11758636cf4e39c1d6f
*** Element info: {Using=xpath, value=//input[contains(@value,'Convert to Main Idea')]}
	at com.qa.orient.TestPages.IdeatorPageTest.getConvertMainIdeaTest(IdeatorPageTest.java:43)
</failure>
    <system-out><![CDATA[getApproveIdeaOnLevel1Page failed!
06-15-2020 09:25:20 BasePage.java INFO  [main] base.BasePage 71 - properties intilizes.......
06-15-2020 09:25:21 BasePage.java INFO  [main] base.BasePage 75 - read prop file
06-15-2020 09:25:21 BasePage.java INFO  [main] base.BasePage 38 - driver intialize..........
06-15-2020 09:25:21 BasePage.java INFO  [main] base.BasePage 45 - Lunch Chrome Browser...........
06-15-2020 09:26:02 LoginPage.java INFO  [main] page.LoginPage 25 - Driver intilize..........
06-15-2020 09:26:02 IdeatorPageTest.java INFO  [main] TestPages.IdeatorPageTest 23 - Enter Ideator Credentials......
06-15-2020 09:26:02 LoginPage.java INFO  [main] page.LoginPage 35 - Enter Credentials..........
credentials are : ideator ideabridge@123
06-15-2020 09:26:10 LoginPage.java INFO  [main] page.LoginPage 39 - Click on Loin Button.......
I am in onTestStart method getConvertMainIdeaTest start
getConvertMainIdeaTest started!
I am in onTestFailure method getConvertMainIdeaTest failed
Screenshot captured for test case:getConvertMainIdeaTest
]]></system-out>
    <system-err><![CDATA[[main] INFO io.github.bonigarcia.wdm.WebDriverManager - Please answer the following questionnaire based on your experience with WebDriverManager. Thanks a lot!
[main] INFO io.github.bonigarcia.wdm.WebDriverManager - ====> http://tiny.cc/wdm-survey <====
[main] INFO io.github.bonigarcia.wdm.WebDriverManager - Using chromedriver 83.0.4103.39 (since Chrome 83 is installed in your machine)
[main] INFO io.github.bonigarcia.wdm.WebDriverManager - Exporting webdriver.chrome.driver as C:\Users\Kamal\.m2\repository\webdriver\chromedriver\win32\83.0.4103.39\chromedriver.exe
Starting ChromeDriver 83.0.4103.39 (ccbf011cb2d2b19b506d844400483861342c20cd-refs/branch-heads/4103@{#416}) on port 24826
Only local connections are allowed.
Please see https://chromedriver.chromium.org/security-considerations for suggestions on keeping ChromeDriver safe.
ChromeDriver was started successfully.
Jun 15, 2020 9:25:27 AM org.openqa.selenium.remote.ProtocolHandshake createSession
INFO: Detected dialect: W3C
[main] ERROR io.qameta.allure.AllureLifecycle - Could not add attachment: no test is running
[main] ERROR io.qameta.allure.AllureLifecycle - Could not add attachment: no test is running
]]></system-err>
  </testcase>
</testsuite>