<?xml version="1.0" encoding="UTF-8"?>
<!-- Generated by org.testng.reporters.JUnitXMLReporter -->
<testsuite hostname="dell" ignored="1" name="first Test" tests="7" failures="0" timestamp="07 Jul 2020 09:46:08 GMT" time="344.603" errors="0">
  <testcase name="getCreateIdeaTest" time="8.988" classname="com.qa.orient.TestPages.IdeatorPageTest"/>
  <testcase name="getApproveIdeaOnLevel1Page" time="10.662" classname="com.qa.orient.TestPages.Level1PageTest"/>
  <testcase name="getConvertMainIdeaTest" time="32.846" classname="com.qa.orient.TestPages.IdeatorPageTest"/>
  <testcase name="getApproveIdeaOnBFPageTest" time="12.855" classname="com.qa.orient.TestPages.BusinessFinancePageTest"/>
  <testcase name="getApproveLevel2PageTest" time="9.287" classname="com.qa.orient.TestPages.Level2PageTest"/>
  <testcase name="getApproveLevel3PageTest" time="7.812" classname="com.qa.orient.TestPages.Level3PageTest"/>
  <testcase name="getApproveLevel4PageTest" time="20.661" classname="com.qa.orient.TestPages.Level4PageTest"/>
  <testcase name="getIdeaIntitiateProjectTest" time="0.0" classname="com.qa.orient.TestPages.Level3PageTest">
    <ignored/>
  </testcase> <!-- getIdeaIntitiateProjectTest -->
</testsuite> <!-- first Test -->
